[INFO] Scanning for projects...
[INFO] 
[INFO] -----------------------< commons-io:commons-io >------------------------
[INFO] Building Apache Commons IO 2.9.0-SNAPSHOT
[INFO] --------------------------------[ jar ]---------------------------------
[INFO] 
[INFO] --- maven-clean-plugin:3.1.0:clean (default-clean) @ commons-io ---
[INFO] Deleting /tmp/v1/target
[INFO] 
[INFO] --- dspot-diff-test-selection:3.1.1-SNAPSHOT:list (default-cli) @ commons-io ---
[WARNING] No path to diff file has been specified.
[WARNING] I'll compute a diff file using the UNIX diff command
[WARNING] You may encounter troubles.
[WARNING] If so, please specify a path to a correct diff file
[WARNING] or implement a new way to compute a diff file.
[INFO] Computing the diff with diff commnd line
[INFO] The diff will be computed between:
[INFO] /tmp/v1 and 
[INFO] /tmp/v2
[INFO] Executing: diff -ru /tmp/v1 /tmp/v2 from /tmp/v1
[INFO] Computing coverage for /tmp/v1
[WARN] Maven will be executed in interactive mode, but no input stream has been configured for this MavenInvoker instance.
WARNING: An illegal reflective access operation has occurred
WARNING: Illegal reflective access by com.google.inject.internal.cglib.core.$ReflectUtils$1 (file:/usr/share/maven/lib/guice.jar) to method java.lang.ClassLoader.defineClass(java.lang.String,byte[],int,int,java.security.ProtectionDomain)
WARNING: Please consider reporting this to the maintainers of com.google.inject.internal.cglib.core.$ReflectUtils$1
WARNING: Use --illegal-access=warn to enable warnings of further illegal reflective access operations
WARNING: All illegal access operations will be denied in a future release
[[1;34mINFO[m] Scanning for projects...
[[1;34mINFO[m] 
[[1;34mINFO[m] [1m-----------------------< [0;36mcommons-io:commons-io[0;1m >------------------------[m
[[1;34mINFO[m] [1mBuilding Apache Commons IO 2.9.0-SNAPSHOT[m
[[1;34mINFO[m] [1m--------------------------------[ jar ]---------------------------------[m
[[1;34mINFO[m] 
[[1;34mINFO[m] [1m--- [0;32mmaven-clean-plugin:3.1.0:clean[m [1m(default-clean)[m @ [36mcommons-io[0;1m ---[m
[[1;34mINFO[m] 
[[1;34mINFO[m] [1m--- [0;32mclover-maven-plugin:4.4.1:setup[m [1m(default-cli)[m @ [36mcommons-io[0;1m ---[m
[[1;34mINFO[m] OpenClover Version 4.4.1, built on October 11 2019 (build-1020)
[[1;34mINFO[m] Creating new database at '/tmp/v1/target/clover/clover.db'.
[[1;34mINFO[m] Processing files at 1.9 source level.
[[1;33mWARNING[m] Trying to add a statement but current method is null. Did you put CLOVER:OFF before a method signature and CLOVER:ON inside a method body?
[[1;33mWARNING[m] Trying to add a statement but current method is null. Did you put CLOVER:OFF before a method signature and CLOVER:ON inside a method body?
[[1;33mWARNING[m] Trying to add a statement but current method is null. Did you put CLOVER:OFF before a method signature and CLOVER:ON inside a method body?
[[1;34mINFO[m] Clover all over. Instrumented 174 files (11 packages).
[[1;34mINFO[m] OpenClover Version 4.4.1, built on October 11 2019 (build-1020)
[[1;34mINFO[m] Updating existing database at '/tmp/v1/target/clover/clover.db'.
[[1;34mINFO[m] Processing files at 1.9 source level.
[[1;34mINFO[m] Clover all over. Instrumented 172 files (13 packages).
[[1;34mINFO[m] 1403 test methods detected.
[[1;34mINFO[m] 
[[1;34mINFO[m] [1m--- [0;32mmaven-enforcer-plugin:3.0.0-M3:enforce[m [1m(enforce-maven-version)[m @ [36mcommons-io[0;1m ---[m
[[1;34mINFO[m] Skipping Rule Enforcement.
[[1;34mINFO[m] 
[[1;34mINFO[m] [1m--- [0;32mmaven-enforcer-plugin:3.0.0-M3:enforce[m [1m(enforce-maven-3)[m @ [36mcommons-io[0;1m ---[m
[[1;34mINFO[m] Skipping Rule Enforcement.
[[1;34mINFO[m] 
[[1;34mINFO[m] [1m--- [0;32mmaven-enforcer-plugin:3.0.0-M3:enforce[m [1m(enforce-maven)[m @ [36mcommons-io[0;1m ---[m
[[1;34mINFO[m] Skipping Rule Enforcement.
[[1;34mINFO[m] 
[[1;34mINFO[m] [1m--- [0;32mapache-rat-plugin:0.13:check[m [1m(rat-check)[m @ [36mcommons-io[0;1m ---[m
[[1;34mINFO[m] RAT will not execute since it is configured to be skipped via system property 'rat.skip'.
[[1;34mINFO[m] 
[[1;34mINFO[m] [1m--- [0;32mbuild-helper-maven-plugin:3.2.0:parse-version[m [1m(parse-version)[m @ [36mcommons-io[0;1m ---[m
[[1;34mINFO[m] 
[[1;34mINFO[m] [1m--- [0;32mmaven-antrun-plugin:3.0.0:run[m [1m(javadoc.resources)[m @ [36mcommons-io[0;1m ---[m
[[1;34mINFO[m] Executing tasks
[[1;34mINFO[m]      [copy] Copying 2 files to /tmp/v1/target/apidocs/META-INF
[[1;34mINFO[m] Executed tasks
[[1;34mINFO[m] 
[[1;34mINFO[m] [1m--- [0;32mmaven-remote-resources-plugin:1.7.0:process[m [1m(process-resource-bundles)[m @ [36mcommons-io[0;1m ---[m
[[1;34mINFO[m] Skipping remote resources execution.
[[1;34mINFO[m] 
[[1;34mINFO[m] [1m--- [0;32mbuildnumber-maven-plugin:1.4:create[m [1m(default)[m @ [36mcommons-io[0;1m ---[m
[[1;34mINFO[m] Executing: /bin/sh -c cd '/tmp/v1' && 'git' 'rev-parse' '--verify' 'HEAD'
[[1;34mINFO[m] Working directory: /tmp/v1
[[1;34mINFO[m] Storing buildNumber: faa526903cb676605b39b152a562c47df56edc65 at timestamp: 1608026062096
[[1;34mINFO[m] Storing buildScmBranch: master
[[1;34mINFO[m] 
[[1;34mINFO[m] [1m--- [0;32mmaven-resources-plugin:3.1.0:resources[m [1m(default-resources)[m @ [36mcommons-io[0;1m ---[m
[[1;34mINFO[m] Using 'iso-8859-1' encoding to copy filtered resources.
[[1;34mINFO[m] skip non existing resourceDirectory /tmp/v1/src/main/resources
[[1;34mINFO[m] Copying 2 resources to META-INF
[[1;34mINFO[m] Copying 1 resource
[[1;34mINFO[m] 
[[1;34mINFO[m] [1m--- [0;32mmaven-compiler-plugin:3.8.1:compile[m [1m(default-compile)[m @ [36mcommons-io[0;1m ---[m
[[1;34mINFO[m] Changes detected - recompiling the module!
[[1;34mINFO[m] Compiling 174 source files to /tmp/v1/target/classes
[[1;33mWARNING[m] /tmp/v1/target/clover/src-instrumented/org/apache/commons/io/input/BufferedFileChannelInputStream.java:[29,18] sun.nio.ch.DirectBuffer is internal proprietary API and may be removed in a future release
[[1;33mWARNING[m] /tmp/v1/target/clover/src-instrumented/org/apache/commons/io/input/BufferedFileChannelInputStream.java:[110,81] sun.nio.ch.DirectBuffer is internal proprietary API and may be removed in a future release
[[1;33mWARNING[m] /tmp/v1/target/clover/src-instrumented/org/apache/commons/io/input/BufferedFileChannelInputStream.java:[111,67] sun.nio.ch.DirectBuffer is internal proprietary API and may be removed in a future release
[[1;33mWARNING[m] /tmp/v1/target/clover/src-instrumented/org/apache/commons/io/input/BufferedFileChannelInputStream.java:[123,30] sun.nio.ch.DirectBuffer is internal proprietary API and may be removed in a future release
[[1;33mWARNING[m] /tmp/v1/target/clover/src-instrumented/org/apache/commons/io/input/BufferedFileChannelInputStream.java:[151,81] sun.nio.ch.DirectBuffer is internal proprietary API and may be removed in a future release
[[1;34mINFO[m] /tmp/v1/target/clover/src-instrumented/org/apache/commons/io/input/ClassLoaderObjectInputStream.java: Some input files use or override a deprecated API.
[[1;34mINFO[m] /tmp/v1/target/clover/src-instrumented/org/apache/commons/io/input/ClassLoaderObjectInputStream.java: Recompile with -Xlint:deprecation for details.
[[1;34mINFO[m] /tmp/v1/target/clover/src-instrumented/org/apache/commons/io/IOExceptionList.java: /tmp/v1/target/clover/src-instrumented/org/apache/commons/io/IOExceptionList.java uses unchecked or unsafe operations.
[[1;34mINFO[m] /tmp/v1/target/clover/src-instrumented/org/apache/commons/io/IOExceptionList.java: Recompile with -Xlint:unchecked for details.
[[1;34mINFO[m] 
[[1;34mINFO[m] [1m--- [0;32mmaven-bundle-plugin:5.1.1:manifest[m [1m(bundle-manifest)[m @ [36mcommons-io[0;1m ---[m
[[1;34mINFO[m] 
[[1;34mINFO[m] [1m--- [0;32mmaven-resources-plugin:3.1.0:testResources[m [1m(default-testResources)[m @ [36mcommons-io[0;1m ---[m
[[1;34mINFO[m] Using 'iso-8859-1' encoding to copy filtered resources.
[[1;34mINFO[m] Copying 50 resources
[[1;34mINFO[m] Copying 2 resources to META-INF
[[1;34mINFO[m] 
[[1;34mINFO[m] [1m--- [0;32mmaven-compiler-plugin:3.8.1:testCompile[m [1m(default-testCompile)[m @ [36mcommons-io[0;1m ---[m
[[1;34mINFO[m] Changes detected - recompiling the module!
[[1;34mINFO[m] Compiling 172 source files to /tmp/v1/target/test-classes
[[1;34mINFO[m] /tmp/v1/target/clover/src-test-instrumented/org/apache/commons/io/IOUtilsCopyTestCase.java: Some input files use or override a deprecated API.
[[1;34mINFO[m] /tmp/v1/target/clover/src-test-instrumented/org/apache/commons/io/IOUtilsCopyTestCase.java: Recompile with -Xlint:deprecation for details.
[[1;34mINFO[m] /tmp/v1/target/clover/src-test-instrumented/org/apache/commons/io/FileUtilsTestCase.java: /tmp/v1/target/clover/src-test-instrumented/org/apache/commons/io/FileUtilsTestCase.java uses unchecked or unsafe operations.
[[1;34mINFO[m] /tmp/v1/target/clover/src-test-instrumented/org/apache/commons/io/FileUtilsTestCase.java: Recompile with -Xlint:unchecked for details.
[[1;34mINFO[m] 
[[1;34mINFO[m] [1m--- [0;32manimal-sniffer-maven-plugin:1.19:check[m [1m(checkAPIcompatibility)[m @ [36mcommons-io[0;1m ---[m
[[1;34mINFO[m] Signature checking is skipped.
[[1;34mINFO[m] 
[[1;34mINFO[m] [1m--- [0;32mjacoco-maven-plugin:0.8.6:prepare-agent[m [1m(prepare-agent)[m @ [36mcommons-io[0;1m ---[m
[[1;34mINFO[m] Skipping JaCoCo execution because property jacoco.skip is set.
[[1;34mINFO[m] argLine set to empty
[[1;34mINFO[m] 
[[1;34mINFO[m] [1m--- [0;32mmaven-surefire-plugin:3.0.0-M5:test[m [1m(default-test)[m @ [36mcommons-io[0;1m ---[m
[[1;34mINFO[m] 
[[1;34mINFO[m] -------------------------------------------------------
[[1;34mINFO[m]  T E S T S
[[1;34mINFO[m] -------------------------------------------------------
[[1;34mINFO[m] Running org.apache.commons.io.[1mByteOrderParserTest[m
[[1;34mINFO[m] [1;32mTests run: [0;1;32m3[m, Failures: 0, Errors: 0, Skipped: 0, Time elapsed: 0.064 s - in org.apache.commons.io.[1mByteOrderParserTest[m
[[1;34mINFO[m] Running org.apache.commons.io.[1mFileUtilsFileNewerTestCase[m
[[1;34mINFO[m] [1;32mTests run: [0;1;32m5[m, Failures: 0, Errors: 0, Skipped: 0, Time elapsed: 0.106 s - in org.apache.commons.io.[1mFileUtilsFileNewerTestCase[m
[[1;34mINFO[m] Running org.apache.commons.io.serialization.[1mValidatingObjectInputStreamTest[m
[[1;34mINFO[m] [1;32mTests run: [0;1;32m18[m, Failures: 0, Errors: 0, Skipped: 0, Time elapsed: 0.128 s - in org.apache.commons.io.serialization.[1mValidatingObjectInputStreamTest[m
[[1;34mINFO[m] Running org.apache.commons.io.serialization.[1mMoreComplexObjectTest[m
[[1;34mINFO[m] [1;32mTests run: [0;1;32m3[m, Failures: 0, Errors: 0, Skipped: 0, Time elapsed: 0.106 s - in org.apache.commons.io.serialization.[1mMoreComplexObjectTest[m
[[1;34mINFO[m] Running org.apache.commons.io.serialization.[1mWildcardClassNameMatcherTest[m
[[1;34mINFO[m] [1;32mTests run: [0;1;32m3[m, Failures: 0, Errors: 0, Skipped: 0, Time elapsed: 0.114 s - in org.apache.commons.io.serialization.[1mWildcardClassNameMatcherTest[m
[[1;34mINFO[m] Running org.apache.commons.io.serialization.[1mRegexpClassNameMatcherTest[m
[[1;34mINFO[m] [1;32mTests run: [0;1;32m5[m, Failures: 0, Errors: 0, Skipped: 0, Time elapsed: 0.085 s - in org.apache.commons.io.serialization.[1mRegexpClassNameMatcherTest[m
[[1;34mINFO[m] Running org.apache.commons.io.serialization.[1mFullClassNameMatcherTest[m
[[1;34mINFO[m] [1;32mTests run: [0;1;32m2[m, Failures: 0, Errors: 0, Skipped: 0, Time elapsed: 0.06 s - in org.apache.commons.io.serialization.[1mFullClassNameMatcherTest[m
[[1;34mINFO[m] Running org.apache.commons.io.[1mCopyUtilsTest[m
[[1;34mINFO[m] [1;32mTests run: [0;1;32m11[m, Failures: 0, Errors: 0, Skipped: 0, Time elapsed: 0.129 s - in org.apache.commons.io.[1mCopyUtilsTest[m
[[1;34mINFO[m] Running org.apache.commons.io.[1mLineIteratorTestCase[m
[[1;34mINFO[m] [1;32mTests run: [0;1;32m16[m, Failures: 0, Errors: 0, Skipped: 0, Time elapsed: 0.161 s - in org.apache.commons.io.[1mLineIteratorTestCase[m
[[1;34mINFO[m] Running org.apache.commons.io.[1mThreadMonitorTestCase[m
[[1;34mINFO[m] [1;32mTests run: [0;1;32m3[m, Failures: 0, Errors: 0, Skipped: 0, Time elapsed: 0.492 s - in org.apache.commons.io.[1mThreadMonitorTestCase[m
[[1;34mINFO[m] Running org.apache.commons.io.[1mFileUtilsCleanSymlinksTestCase[m
[[1;34mINFO[m] [1;32mTests run: [0;1;32m8[m, Failures: 0, Errors: 0, Skipped: 0, Time elapsed: 0.138 s - in org.apache.commons.io.[1mFileUtilsCleanSymlinksTestCase[m
[[1;34mINFO[m] Running org.apache.commons.io.[1mEndianUtilsTest[m
[[1;34mINFO[m] [1;32mTests run: [0;1;32m22[m, Failures: 0, Errors: 0, Skipped: 0, Time elapsed: 0.115 s - in org.apache.commons.io.[1mEndianUtilsTest[m
[[1;34mINFO[m] Running org.apache.commons.io.[1mHexDumpTest[m
[[1;34mINFO[m] [1;32mTests run: [0;1;32m1[m, Failures: 0, Errors: 0, Skipped: 0, Time elapsed: 0.091 s - in org.apache.commons.io.[1mHexDumpTest[m
[[1;34mINFO[m] Running org.apache.commons.io.[1mDirectoryWalkerTestCase[m
[[1;34mINFO[m] [1;32mTests run: [0;1;32m15[m, Failures: 0, Errors: 0, Skipped: 0, Time elapsed: 0.122 s - in org.apache.commons.io.[1mDirectoryWalkerTestCase[m
[[1;34mINFO[m] Running org.apache.commons.io.[1mIOUtilsCopyTestCase[m
[[1;34mINFO[m] [1;32mTests run: [0;1;32m27[m, Failures: 0, Errors: 0, Skipped: 0, Time elapsed: 1.047 s - in org.apache.commons.io.[1mIOUtilsCopyTestCase[m
[[1;34mINFO[m] Running org.apache.commons.io.[1mFilenameUtilsWildcardTestCase[m
[[1;34mINFO[m] [1;32mTests run: [0;1;32m7[m, Failures: 0, Errors: 0, Skipped: 0, Time elapsed: 0.187 s - in org.apache.commons.io.[1mFilenameUtilsWildcardTestCase[m
[[1;34mINFO[m] Running org.apache.commons.io.[1mFileUtilsCleanDirectoryTestCase[m
[[1;34mINFO[m] [1;32mTests run: [0;1;32m5[m, Failures: 0, Errors: 0, Skipped: 0, Time elapsed: 0.128 s - in org.apache.commons.io.[1mFileUtilsCleanDirectoryTestCase[m
[[1;34mINFO[m] Running org.apache.commons.io.[1mFilenameUtilsTestCase[m
[[1;34mINFO[m] [1;32mTests run: [0;1;32m38[m, Failures: 0, Errors: 0, Skipped: 0, Time elapsed: 0.202 s - in org.apache.commons.io.[1mFilenameUtilsTestCase[m
[[1;34mINFO[m] Running org.apache.commons.io.[1mIOExceptionListTestCase[m
[[1;34mINFO[m] [1;32mTests run: [0;1;32m3[m, Failures: 0, Errors: 0, Skipped: 0, Time elapsed: 0.076 s - in org.apache.commons.io.[1mIOExceptionListTestCase[m
[[1;34mINFO[m] Running org.apache.commons.io.[1mCharsetsTestCase[m
[[1;34mINFO[m] [1;32mTests run: [0;1;32m8[m, Failures: 0, Errors: 0, Skipped: 0, Time elapsed: 0.081 s - in org.apache.commons.io.[1mCharsetsTestCase[m
[[1;34mINFO[m] Running org.apache.commons.io.[1mFileUtilsWaitForTestCase[m
[[1;34mINFO[m] [1;32mTests run: [0;1;32m2[m, Failures: 0, Errors: 0, Skipped: 0, Time elapsed: 4.091 s - in org.apache.commons.io.[1mFileUtilsWaitForTestCase[m
[[1;34mINFO[m] Running org.apache.commons.io.[1mDirectoryWalkerTestCaseJava4[m
[[1;34mINFO[m] [1;32mTests run: [0;1;32m14[m, Failures: 0, Errors: 0, Skipped: 0, Time elapsed: 0.121 s - in org.apache.commons.io.[1mDirectoryWalkerTestCaseJava4[m
[[1;34mINFO[m] Running org.apache.commons.io.[1mIOUtilsWriteTestCase[m
[[1;34mINFO[m] [1;32mTests run: [0;1;32m53[m, Failures: 0, Errors: 0, Skipped: 0, Time elapsed: 0.199 s - in org.apache.commons.io.[1mIOUtilsWriteTestCase[m
[[1;34mINFO[m] Running org.apache.commons.io.[1mFileUtilsTestCase[m
Dec 15, 2020 10:54:55 AM org.junit.jupiter.engine.execution.JupiterEngineExecutionContext close
SEVERE: Caught exception while closing extension context: org.junit.jupiter.engine.descriptor.MethodExtensionContext@73ee04c8
java.io.IOException: Failed to delete temp directory /tmp/junit8381922573006435605. The following paths could not be deleted (see suppressed exceptions for details): , FileUtilsTestCase
	at org.junit.jupiter.engine.extension.TempDirectory$CloseablePath.createIOExceptionWithAttachedFailures(TempDirectory.java:262)
	at org.junit.jupiter.engine.extension.TempDirectory$CloseablePath.close(TempDirectory.java:182)
	at org.junit.platform.engine.support.hierarchical.ThrowableCollector.execute(ThrowableCollector.java:73)
	at org.junit.jupiter.engine.execution.ExtensionValuesStore.lambda$closeAllStoredCloseableValues$3(ExtensionValuesStore.java:68)
	at java.base/java.util.stream.ForEachOps$ForEachOp$OfRef.accept(ForEachOps.java:183)
	at java.base/java.util.stream.ReferencePipeline$3$1.accept(ReferencePipeline.java:195)
	at java.base/java.util.ArrayList.forEach(ArrayList.java:1541)
	at java.base/java.util.stream.SortedOps$RefSortingSink.end(SortedOps.java:395)
	at java.base/java.util.stream.Sink$ChainedReference.end(Sink.java:258)
	at java.base/java.util.stream.AbstractPipeline.copyInto(AbstractPipeline.java:485)
	at java.base/java.util.stream.AbstractPipeline.wrapAndCopyInto(AbstractPipeline.java:474)
	at java.base/java.util.stream.ForEachOps$ForEachOp.evaluateSequential(ForEachOps.java:150)
	at java.base/java.util.stream.ForEachOps$ForEachOp$OfRef.evaluateSequential(ForEachOps.java:173)
	at java.base/java.util.stream.AbstractPipeline.evaluate(AbstractPipeline.java:234)
	at java.base/java.util.stream.ReferencePipeline.forEach(ReferencePipeline.java:497)
	at org.junit.jupiter.engine.execution.ExtensionValuesStore.closeAllStoredCloseableValues(ExtensionValuesStore.java:68)
	at org.junit.jupiter.engine.descriptor.AbstractExtensionContext.close(AbstractExtensionContext.java:74)
	at org.junit.jupiter.engine.execution.JupiterEngineExecutionContext.close(JupiterEngineExecutionContext.java:53)
	at org.junit.jupiter.engine.descriptor.JupiterTestDescriptor.cleanUp(JupiterTestDescriptor.java:222)
	at org.junit.jupiter.engine.descriptor.TestMethodTestDescriptor.cleanUp(TestMethodTestDescriptor.java:148)
	at org.junit.jupiter.engine.descriptor.TestMethodTestDescriptor.cleanUp(TestMethodTestDescriptor.java:65)
	at org.junit.platform.engine.support.hierarchical.NodeTestTask.lambda$cleanUp$9(NodeTestTask.java:155)
	at org.junit.platform.engine.support.hierarchical.ThrowableCollector.execute(ThrowableCollector.java:73)
	at org.junit.platform.engine.support.hierarchical.NodeTestTask.cleanUp(NodeTestTask.java:155)
	at org.junit.platform.engine.support.hierarchical.NodeTestTask.execute(NodeTestTask.java:87)
	at java.base/java.util.ArrayList.forEach(ArrayList.java:1541)
	at org.junit.platform.engine.support.hierarchical.SameThreadHierarchicalTestExecutorService.invokeAll(SameThreadHierarchicalTestExecutorService.java:38)
	at org.junit.platform.engine.support.hierarchical.NodeTestTask.lambda$executeRecursively$5(NodeTestTask.java:143)
	at org.junit.platform.engine.support.hierarchical.ThrowableCollector.execute(ThrowableCollector.java:73)
	at org.junit.platform.engine.support.hierarchical.NodeTestTask.lambda$executeRecursively$7(NodeTestTask.java:129)
	at org.junit.platform.engine.support.hierarchical.Node.around(Node.java:137)
	at org.junit.platform.engine.support.hierarchical.NodeTestTask.lambda$executeRecursively$8(NodeTestTask.java:127)
	at org.junit.platform.engine.support.hierarchical.ThrowableCollector.execute(ThrowableCollector.java:73)
	at org.junit.platform.engine.support.hierarchical.NodeTestTask.executeRecursively(NodeTestTask.java:126)
	at org.junit.platform.engine.support.hierarchical.NodeTestTask.execute(NodeTestTask.java:84)
	at java.base/java.util.ArrayList.forEach(ArrayList.java:1541)
	at org.junit.platform.engine.support.hierarchical.SameThreadHierarchicalTestExecutorService.invokeAll(SameThreadHierarchicalTestExecutorService.java:38)
	at org.junit.platform.engine.support.hierarchical.NodeTestTask.lambda$executeRecursively$5(NodeTestTask.java:143)
	at org.junit.platform.engine.support.hierarchical.ThrowableCollector.execute(ThrowableCollector.java:73)
	at org.junit.platform.engine.support.hierarchical.NodeTestTask.lambda$executeRecursively$7(NodeTestTask.java:129)
	at org.junit.platform.engine.support.hierarchical.Node.around(Node.java:137)
	at org.junit.platform.engine.support.hierarchical.NodeTestTask.lambda$executeRecursively$8(NodeTestTask.java:127)
	at org.junit.platform.engine.support.hierarchical.ThrowableCollector.execute(ThrowableCollector.java:73)
	at org.junit.platform.engine.support.hierarchical.NodeTestTask.executeRecursively(NodeTestTask.java:126)
	at org.junit.platform.engine.support.hierarchical.NodeTestTask.execute(NodeTestTask.java:84)
	at org.junit.platform.engine.support.hierarchical.SameThreadHierarchicalTestExecutorService.submit(SameThreadHierarchicalTestExecutorService.java:32)
	at org.junit.platform.engine.support.hierarchical.HierarchicalTestExecutor.execute(HierarchicalTestExecutor.java:57)
	at org.junit.platform.engine.support.hierarchical.HierarchicalTestEngine.execute(HierarchicalTestEngine.java:51)
	at org.junit.platform.launcher.core.EngineExecutionOrchestrator.execute(EngineExecutionOrchestrator.java:108)
	at org.junit.platform.launcher.core.EngineExecutionOrchestrator.execute(EngineExecutionOrchestrator.java:88)
	at org.junit.platform.launcher.core.EngineExecutionOrchestrator.lambda$execute$0(EngineExecutionOrchestrator.java:54)
	at org.junit.platform.launcher.core.EngineExecutionOrchestrator.withInterceptedStreams(EngineExecutionOrchestrator.java:67)
	at org.junit.platform.launcher.core.EngineExecutionOrchestrator.execute(EngineExecutionOrchestrator.java:52)
	at org.junit.platform.launcher.core.DefaultLauncher.execute(DefaultLauncher.java:96)
	at org.junit.platform.launcher.core.DefaultLauncher.execute(DefaultLauncher.java:75)
	at org.apache.maven.surefire.junitplatform.JUnitPlatformProvider.execute(JUnitPlatformProvider.java:188)
	at org.apache.maven.surefire.junitplatform.JUnitPlatformProvider.invokeAllTests(JUnitPlatformProvider.java:154)
	at org.apache.maven.surefire.junitplatform.JUnitPlatformProvider.invoke(JUnitPlatformProvider.java:124)
	at org.apache.maven.surefire.booter.ForkedBooter.runSuitesInProcess(ForkedBooter.java:428)
	at org.apache.maven.surefire.booter.ForkedBooter.execute(ForkedBooter.java:162)
	at org.apache.maven.surefire.booter.ForkedBooter.run(ForkedBooter.java:562)
	at org.apache.maven.surefire.booter.ForkedBooter.main(ForkedBooter.java:548)
	Suppressed: java.nio.file.DirectoryNotEmptyException: /tmp/junit8381922573006435605
		at java.base/sun.nio.fs.UnixFileSystemProvider.implDelete(UnixFileSystemProvider.java:247)
		at java.base/sun.nio.fs.AbstractFileSystemProvider.delete(AbstractFileSystemProvider.java:105)
		at java.base/java.nio.file.Files.delete(Files.java:1141)
		at org.junit.jupiter.engine.extension.TempDirectory$CloseablePath$1.deleteAndContinue(TempDirectory.java:206)
		at org.junit.jupiter.engine.extension.TempDirectory$CloseablePath$1.postVisitDirectory(TempDirectory.java:201)
		at org.junit.jupiter.engine.extension.TempDirectory$CloseablePath$1.postVisitDirectory(TempDirectory.java:192)
		at java.base/java.nio.file.Files.walkFileTree(Files.java:2742)
		at java.base/java.nio.file.Files.walkFileTree(Files.java:2796)
		at org.junit.jupiter.engine.extension.TempDirectory$CloseablePath.deleteAllFilesAndDirectories(TempDirectory.java:192)
		at org.junit.jupiter.engine.extension.TempDirectory$CloseablePath.close(TempDirectory.java:180)
		... 60 more
	Suppressed: java.nio.file.DirectoryNotEmptyException: /tmp/junit8381922573006435605/FileUtilsTestCase
		at java.base/sun.nio.fs.UnixFileSystemProvider.implDelete(UnixFileSystemProvider.java:247)
		at java.base/sun.nio.fs.AbstractFileSystemProvider.delete(AbstractFileSystemProvider.java:105)
		at java.base/java.nio.file.Files.delete(Files.java:1141)
		at org.junit.jupiter.engine.extension.TempDirectory$CloseablePath$1.deleteAndContinue(TempDirectory.java:206)
		at org.junit.jupiter.engine.extension.TempDirectory$CloseablePath$1.postVisitDirectory(TempDirectory.java:201)
		at org.junit.jupiter.engine.extension.TempDirectory$CloseablePath$1.postVisitDirectory(TempDirectory.java:192)
		at java.base/java.nio.file.Files.walkFileTree(Files.java:2742)
		at java.base/java.nio.file.Files.walkFileTree(Files.java:2796)
		at org.junit.jupiter.engine.extension.TempDirectory$CloseablePath.deleteAllFilesAndDirectories(TempDirectory.java:192)
		at org.junit.jupiter.engine.extension.TempDirectory$CloseablePath.close(TempDirectory.java:180)
		... 60 more

[[1;31mERROR[m] [1;31mTests [0;1mrun: [0;1m142[m, Failures: 0, [1;31mErrors: [0;1;31m1[m, [1;33mSkipped: [0;1;33m1[m, Time elapsed: 2.572 s[1;31m <<< FAILURE![m - in org.apache.commons.io.[1mFileUtilsTestCase[m
[[1;31mERROR[m] org.apache.commons.io.FileUtilsTestCase.testSizeOfDirectory  Time elapsed: 0.025 s  <<< ERROR!
java.io.IOException: Failed to delete temp directory /tmp/junit8381922573006435605. The following paths could not be deleted (see suppressed exceptions for details): , FileUtilsTestCase

[[1;34mINFO[m] Running org.apache.commons.io.[1mDemuxTestCase[m
[[1;34mINFO[m] [1;32mTests run: [0;1;32m2[m, Failures: 0, Errors: 0, Skipped: 0, Time elapsed: 0.259 s - in org.apache.commons.io.[1mDemuxTestCase[m
[[1;34mINFO[m] Running org.apache.commons.io.[1mIOCaseTestCase[m
[[1;34mINFO[m] [1;32mTests run: [0;1;32m17[m, Failures: 0, Errors: 0, Skipped: 0, Time elapsed: 0.118 s - in org.apache.commons.io.[1mIOCaseTestCase[m
[[1;34mINFO[m] Running org.apache.commons.io.filefilter.[1mNameFileFilterTest[m
[[1;34mINFO[m] [1;32mTests run: [0;1;32m3[m, Failures: 0, Errors: 0, Skipped: 0, Time elapsed: 0.162 s - in org.apache.commons.io.filefilter.[1mNameFileFilterTest[m
[[1;34mINFO[m] Running org.apache.commons.io.filefilter.[1mDirectoryFileFilterTest[m
[[1;34mINFO[m] [1;32mTests run: [0;1;32m2[m, Failures: 0, Errors: 0, Skipped: 0, Time elapsed: 0.134 s - in org.apache.commons.io.filefilter.[1mDirectoryFileFilterTest[m
[[1;34mINFO[m] Running org.apache.commons.io.filefilter.[1mOrFileFilterTestCase[m
[[1;34mINFO[m] [1;32mTests run: [0;1;32m5[m, Failures: 0, Errors: 0, Skipped: 0, Time elapsed: 0.104 s - in org.apache.commons.io.filefilter.[1mOrFileFilterTestCase[m
[[1;34mINFO[m] Running org.apache.commons.io.filefilter.[1mAgeFileFilterTest[m
[[1;34mINFO[m] [1;32mTests run: [0;1;32m3[m, Failures: 0, Errors: 0, Skipped: 0, Time elapsed: 0.193 s - in org.apache.commons.io.filefilter.[1mAgeFileFilterTest[m
[[1;34mINFO[m] Running org.apache.commons.io.filefilter.[1mRegexFileFilterTestCase[m
[[1;34mINFO[m] [1;32mTests run: [0;1;32m1[m, Failures: 0, Errors: 0, Skipped: 0, Time elapsed: 0.07 s - in org.apache.commons.io.filefilter.[1mRegexFileFilterTestCase[m
[[1;34mINFO[m] Running org.apache.commons.io.filefilter.[1mAndFileFilterTestCase[m
[[1;34mINFO[m] [1;32mTests run: [0;1;32m5[m, Failures: 0, Errors: 0, Skipped: 0, Time elapsed: 0.09 s - in org.apache.commons.io.filefilter.[1mAndFileFilterTestCase[m
[[1;34mINFO[m] Running org.apache.commons.io.filefilter.[1mFileFilterTestCase[m
[[1;33mWARNING[m] [1;33mTests [0;1mrun: [0;1m56[m, Failures: 0, Errors: 0, [1;33mSkipped: [0;1;33m1[m, Time elapsed: 2.276 s - in org.apache.commons.io.filefilter.[1mFileFilterTestCase[m
[[1;34mINFO[m] Running org.apache.commons.io.[1mByteOrderMarkTestCase[m
[[1;34mINFO[m] [1;32mTests run: [0;1;32m9[m, Failures: 0, Errors: 0, Skipped: 0, Time elapsed: 0.099 s - in org.apache.commons.io.[1mByteOrderMarkTestCase[m
[[1;34mINFO[m] Running org.apache.commons.io.monitor.[1mFileAlterationObserverTestCase[m
[[1;34mINFO[m] [1;32mTests run: [0;1;32m7[m, Failures: 0, Errors: 0, Skipped: 0, Time elapsed: 4.68 s - in org.apache.commons.io.monitor.[1mFileAlterationObserverTestCase[m
[[1;34mINFO[m] Running org.apache.commons.io.monitor.[1mFileAlterationMonitorTestCase[m
[[1;34mINFO[m] [1;32mTests run: [0;1;32m5[m, Failures: 0, Errors: 0, Skipped: 0, Time elapsed: 0.666 s - in org.apache.commons.io.monitor.[1mFileAlterationMonitorTestCase[m
[[1;34mINFO[m] Running org.apache.commons.io.file.[1mCountersTest[m
[[1;34mINFO[m] [1;32mTests run: [0;1;32m12[m, Failures: 0, Errors: 0, Skipped: 0, Time elapsed: 0.153 s - in org.apache.commons.io.file.[1mCountersTest[m
[[1;34mINFO[m] Running org.apache.commons.io.file.[1mPathUtilsCleanDirectoryTest[m
[[1;34mINFO[m] [1;32mTests run: [0;1;32m4[m, Failures: 0, Errors: 0, Skipped: 0, Time elapsed: 0.109 s - in org.apache.commons.io.file.[1mPathUtilsCleanDirectoryTest[m
[[1;34mINFO[m] Running org.apache.commons.io.file.[1mDeletingPathVisitorTest[m
[[1;34mINFO[m] [1;32mTests run: [0;1;32m12[m, Failures: 0, Errors: 0, Skipped: 0, Time elapsed: 0.182 s - in org.apache.commons.io.file.[1mDeletingPathVisitorTest[m
[[1;34mINFO[m] Running org.apache.commons.io.file.[1mPathUtilsVisitorTest[m
[[1;34mINFO[m] [1;32mTests run: [0;1;32m8[m, Failures: 0, Errors: 0, Skipped: 0, Time elapsed: 0.159 s - in org.apache.commons.io.file.[1mPathUtilsVisitorTest[m
[[1;34mINFO[m] Running org.apache.commons.io.file.[1mCleaningPathVisitorTest[m
[[1;34mINFO[m] [1;32mTests run: [0;1;32m12[m, Failures: 0, Errors: 0, Skipped: 0, Time elapsed: 0.176 s - in org.apache.commons.io.file.[1mCleaningPathVisitorTest[m
[[1;34mINFO[m] Running org.apache.commons.io.file.[1mPathUtilsTest[m
[[1;34mINFO[m] [1;32mTests run: [0;1;32m4[m, Failures: 0, Errors: 0, Skipped: 0, Time elapsed: 0.108 s - in org.apache.commons.io.file.[1mPathUtilsTest[m
[[1;34mINFO[m] Running org.apache.commons.io.file.[1mCountersEqualsAndHashCodeTest[m
[[1;34mINFO[m] [1;32mTests run: [0;1;32m10[m, Failures: 0, Errors: 0, Skipped: 0, Time elapsed: 0.096 s - in org.apache.commons.io.file.[1mCountersEqualsAndHashCodeTest[m
[[1;34mINFO[m] Running org.apache.commons.io.file.[1mPathUtilsCountingTest[m
[[1;34mINFO[m] [1;32mTests run: [0;1;32m4[m, Failures: 0, Errors: 0, Skipped: 0, Time elapsed: 0.097 s - in org.apache.commons.io.file.[1mPathUtilsCountingTest[m
[[1;34mINFO[m] Running org.apache.commons.io.file.[1mCountingPathVisitorTest[m
[[1;34mINFO[m] [1;32mTests run: [0;1;32m10[m, Failures: 0, Errors: 0, Skipped: 0, Time elapsed: 0.182 s - in org.apache.commons.io.file.[1mCountingPathVisitorTest[m
[[1;34mINFO[m] Running org.apache.commons.io.file.[1mPathUtilsContentEqualsTest[m
[[1;34mINFO[m] [1;32mTests run: [0;1;32m3[m, Failures: 0, Errors: 0, Skipped: 0, Time elapsed: 0.14 s - in org.apache.commons.io.file.[1mPathUtilsContentEqualsTest[m
[[1;34mINFO[m] Running org.apache.commons.io.file.[1mPathUtilsDeleteFileTest[m
[[1;34mINFO[m] [1;32mTests run: [0;1;32m6[m, Failures: 0, Errors: 0, Skipped: 0, Time elapsed: 0.112 s - in org.apache.commons.io.file.[1mPathUtilsDeleteFileTest[m
[[1;34mINFO[m] Running org.apache.commons.io.file.[1mAccumulatorPathVisitorTest[m
[[1;34mINFO[m] [1;32mTests run: [0;1;32m8[m, Failures: 0, Errors: 0, Skipped: 0, Time elapsed: 0.163 s - in org.apache.commons.io.file.[1mAccumulatorPathVisitorTest[m
[[1;34mINFO[m] Running org.apache.commons.io.file.[1mPathUtilsDeleteTest[m
[[1;34mINFO[m] [1;32mTests run: [0;1;32m16[m, Failures: 0, Errors: 0, Skipped: 0, Time elapsed: 0.136 s - in org.apache.commons.io.file.[1mPathUtilsDeleteTest[m
[[1;34mINFO[m] Running org.apache.commons.io.file.spi.[1mFileSystemProvidersTest[m
[[1;34mINFO[m] [1;32mTests run: [0;1;32m5[m, Failures: 0, Errors: 0, Skipped: 0, Time elapsed: 0.094 s - in org.apache.commons.io.file.spi.[1mFileSystemProvidersTest[m
[[1;34mINFO[m] Running org.apache.commons.io.file.[1mPathUtilsIsEmptyTest[m
[[1;34mINFO[m] [1;32mTests run: [0;1;32m3[m, Failures: 0, Errors: 0, Skipped: 0, Time elapsed: 0.098 s - in org.apache.commons.io.file.[1mPathUtilsIsEmptyTest[m
[[1;34mINFO[m] Running org.apache.commons.io.file.[1mCopyDirectoryVisitorTest[m
[[1;34mINFO[m] [1;32mTests run: [0;1;32m8[m, Failures: 0, Errors: 0, Skipped: 0, Time elapsed: 0.166 s - in org.apache.commons.io.file.[1mCopyDirectoryVisitorTest[m
[[1;34mINFO[m] Running org.apache.commons.io.file.[1mPathUtilsDeleteDirectoryTest[m
[[1;34mINFO[m] [1;32mTests run: [0;1;32m6[m, Failures: 0, Errors: 0, Skipped: 0, Time elapsed: 0.122 s - in org.apache.commons.io.file.[1mPathUtilsDeleteDirectoryTest[m
[[1;34mINFO[m] Running org.apache.commons.io.file.[1mDirectoryStreamFilterTest[m
[[1;34mINFO[m] [1;32mTests run: [0;1;32m2[m, Failures: 0, Errors: 0, Skipped: 0, Time elapsed: 0.082 s - in org.apache.commons.io.file.[1mDirectoryStreamFilterTest[m
[[1;34mINFO[m] Running org.apache.commons.io.[1mIOIndexedExceptionTestCase[m
[[1;34mINFO[m] [1;32mTests run: [0;1;32m2[m, Failures: 0, Errors: 0, Skipped: 0, Time elapsed: 0.063 s - in org.apache.commons.io.[1mIOIndexedExceptionTestCase[m
[[1;34mINFO[m] Running org.apache.commons.io.[1mIOUtilsTestCase[m
[[1;34mINFO[m] [1;32mTests run: [0;1;32m114[m, Failures: 0, Errors: 0, Skipped: 0, Time elapsed: 0.486 s - in org.apache.commons.io.[1mIOUtilsTestCase[m
[[1;34mINFO[m] Running org.apache.commons.io.[1mFileCleaningTrackerTestCase[m
[[1;34mINFO[m] [1;32mTests run: [0;1;32m9[m, Failures: 0, Errors: 0, Skipped: 0, Time elapsed: 4.216 s - in org.apache.commons.io.[1mFileCleaningTrackerTestCase[m
[[1;34mINFO[m] Running org.apache.commons.io.[1mFileDeleteStrategyTestCase[m
[[1;34mINFO[m] [1;32mTests run: [0;1;32m5[m, Failures: 0, Errors: 0, Skipped: 0, Time elapsed: 0.113 s - in org.apache.commons.io.[1mFileDeleteStrategyTestCase[m
[[1;34mINFO[m] Running org.apache.commons.io.function.[1mIOFunctionTest[m
[[1;34mINFO[m] [1;32mTests run: [0;1;32m11[m, Failures: 0, Errors: 0, Skipped: 0, Time elapsed: 0.101 s - in org.apache.commons.io.function.[1mIOFunctionTest[m
[[1;34mINFO[m] Running org.apache.commons.io.[1mFileSystemUtilsTestCase[m
[[1;34mINFO[m] [1;32mTests run: [0;1;32m30[m, Failures: 0, Errors: 0, Skipped: 0, Time elapsed: 0.156 s - in org.apache.commons.io.[1mFileSystemUtilsTestCase[m
[[1;34mINFO[m] Running org.apache.commons.io.[1mIOExceptionWithCauseTestCase[m
[[1;34mINFO[m] [1;32mTests run: [0;1;32m2[m, Failures: 0, Errors: 0, Skipped: 0, Time elapsed: 0.066 s - in org.apache.commons.io.[1mIOExceptionWithCauseTestCase[m
[[1;34mINFO[m] Running org.apache.commons.io.[1mFileCleanerTestCase[m
[[1;34mINFO[m] [1;32mTests run: [0;1;32m9[m, Failures: 0, Errors: 0, Skipped: 0, Time elapsed: 4.237 s - in org.apache.commons.io.[1mFileCleanerTestCase[m
[[1;34mINFO[m] Running org.apache.commons.io.comparator.[1mLastModifiedFileComparatorTest[m
[[1;34mINFO[m] [1;32mTests run: [0;1;32m7[m, Failures: 0, Errors: 0, Skipped: 0, Time elapsed: 4.342 s - in org.apache.commons.io.comparator.[1mLastModifiedFileComparatorTest[m
[[1;34mINFO[m] Running org.apache.commons.io.comparator.[1mCompositeFileComparatorTest[m
[[1;34mINFO[m] [1;32mTests run: [0;1;32m10[m, Failures: 0, Errors: 0, Skipped: 0, Time elapsed: 0.122 s - in org.apache.commons.io.comparator.[1mCompositeFileComparatorTest[m
[[1;34mINFO[m] Running org.apache.commons.io.comparator.[1mSizeFileComparatorTest[m
[[1;34mINFO[m] [1;32mTests run: [0;1;32m9[m, Failures: 0, Errors: 0, Skipped: 0, Time elapsed: 0.122 s - in org.apache.commons.io.comparator.[1mSizeFileComparatorTest[m
[[1;34mINFO[m] Running org.apache.commons.io.comparator.[1mPathFileComparatorTest[m
[[1;34mINFO[m] [1;32mTests run: [0;1;32m8[m, Failures: 0, Errors: 0, Skipped: 0, Time elapsed: 0.107 s - in org.apache.commons.io.comparator.[1mPathFileComparatorTest[m
[[1;34mINFO[m] Running org.apache.commons.io.comparator.[1mDefaultFileComparatorTest[m
[[1;34mINFO[m] [1;32mTests run: [0;1;32m7[m, Failures: 0, Errors: 0, Skipped: 0, Time elapsed: 0.098 s - in org.apache.commons.io.comparator.[1mDefaultFileComparatorTest[m
[[1;34mINFO[m] Running org.apache.commons.io.comparator.[1mDirectoryFileComparatorTest[m
[[1;34mINFO[m] [1;32mTests run: [0;1;32m6[m, Failures: 0, Errors: 0, Skipped: 0, Time elapsed: 0.092 s - in org.apache.commons.io.comparator.[1mDirectoryFileComparatorTest[m
[[1;34mINFO[m] Running org.apache.commons.io.comparator.[1mNameFileComparatorTest[m
[[1;34mINFO[m] [1;32mTests run: [0;1;32m8[m, Failures: 0, Errors: 0, Skipped: 0, Time elapsed: 0.106 s - in org.apache.commons.io.comparator.[1mNameFileComparatorTest[m
[[1;34mINFO[m] Running org.apache.commons.io.comparator.[1mExtensionFileComparatorTest[m
[[1;34mINFO[m] [1;32mTests run: [0;1;32m8[m, Failures: 0, Errors: 0, Skipped: 0, Time elapsed: 0.122 s - in org.apache.commons.io.comparator.[1mExtensionFileComparatorTest[m
[[1;34mINFO[m] Running org.apache.commons.io.[1mFileUtilsCopyToFileTestCase[m
[[1;34mINFO[m] [1;32mTests run: [0;1;32m2[m, Failures: 0, Errors: 0, Skipped: 0, Time elapsed: 0.107 s - in org.apache.commons.io.[1mFileUtilsCopyToFileTestCase[m
[[1;34mINFO[m] Running org.apache.commons.io.[1mFileUtilsListFilesTestCase[m
[[1;34mINFO[m] [1;32mTests run: [0;1;32m3[m, Failures: 0, Errors: 0, Skipped: 0, Time elapsed: 0.138 s - in org.apache.commons.io.[1mFileUtilsListFilesTestCase[m
[[1;34mINFO[m] Running org.apache.commons.io.[1mTaggedIOExceptionTest[m
[[1;34mINFO[m] [1;32mTests run: [0;1;32m1[m, Failures: 0, Errors: 0, Skipped: 0, Time elapsed: 0.063 s - in org.apache.commons.io.[1mTaggedIOExceptionTest[m
[[1;34mINFO[m] Running org.apache.commons.io.input.[1mCharSequenceInputStreamTest[m
[[1;33mWARNING[m] [1;33mTests [0;1mrun: [0;1m30[m, Failures: 0, Errors: 0, [1;33mSkipped: [0;1;33m2[m, Time elapsed: 0.392 s - in org.apache.commons.io.input.[1mCharSequenceInputStreamTest[m
[[1;34mINFO[m] Running org.apache.commons.io.input.[1mXmlStreamReaderTest[m
[[1;34mINFO[m] [1;32mTests run: [0;1;32m20[m, Failures: 0, Errors: 0, Skipped: 0, Time elapsed: 0.508 s - in org.apache.commons.io.input.[1mXmlStreamReaderTest[m
[[1;34mINFO[m] Running org.apache.commons.io.input.[1mCharacterSetFilterReaderTest[m
[[1;34mINFO[m] [1;32mTests run: [0;1;32m10[m, Failures: 0, Errors: 0, Skipped: 0, Time elapsed: 0.092 s - in org.apache.commons.io.input.[1mCharacterSetFilterReaderTest[m
[[1;34mINFO[m] Running org.apache.commons.io.input.[1mCloseShieldReaderTest[m
[[1;31mERROR[m] WARNING: An illegal reflective access operation has occurred
[[1;31mERROR[m] WARNING: Illegal reflective access by org.mockito.internal.util.reflection.ReflectionMemberAccessor (file:/home/spino/.m2/repository/org/mockito/mockito-core/3.6.0/mockito-core-3.6.0.jar) to field java.io.Reader.lock
[[1;31mERROR[m] WARNING: Please consider reporting this to the maintainers of org.mockito.internal.util.reflection.ReflectionMemberAccessor
[[1;31mERROR[m] WARNING: Use --illegal-access=warn to enable warnings of further illegal reflective access operations
[[1;31mERROR[m] WARNING: All illegal access operations will be denied in a future release
[[1;34mINFO[m] [1;32mTests run: [0;1;32m1[m, Failures: 0, Errors: 0, Skipped: 0, Time elapsed: 0.422 s - in org.apache.commons.io.input.[1mCloseShieldReaderTest[m
[[1;34mINFO[m] Running org.apache.commons.io.input.[1mInfiniteCircularInputStreamTest[m
[[1;34mINFO[m] [1;32mTests run: [0;1;32m7[m, Failures: 0, Errors: 0, Skipped: 0, Time elapsed: 0.088 s - in org.apache.commons.io.input.[1mInfiniteCircularInputStreamTest[m
[[1;34mINFO[m] Running org.apache.commons.io.input.[1mClosedReaderTest[m
[[1;34mINFO[m] [1;32mTests run: [0;1;32m1[m, Failures: 0, Errors: 0, Skipped: 0, Time elapsed: 0.058 s - in org.apache.commons.io.input.[1mClosedReaderTest[m
[[1;34mINFO[m] Running org.apache.commons.io.input.[1mWindowsLineEndingInputStreamTest[m
[[1;34mINFO[m] [1;32mTests run: [0;1;32m7[m, Failures: 0, Errors: 0, Skipped: 0, Time elapsed: 0.087 s - in org.apache.commons.io.input.[1mWindowsLineEndingInputStreamTest[m
[[1;34mINFO[m] Running org.apache.commons.io.input.[1mRandomAccessFileInputStreamTest[m
[[1;34mINFO[m] [1;32mTests run: [0;1;32m10[m, Failures: 0, Errors: 0, Skipped: 0, Time elapsed: 0.111 s - in org.apache.commons.io.input.[1mRandomAccessFileInputStreamTest[m
[[1;34mINFO[m] Running org.apache.commons.io.input.[1mBufferedFileChannelInputStreamTest[m
[[1;34mINFO[m] [1;32mTests run: [0;1;32m8[m, Failures: 0, Errors: 0, Skipped: 0, Time elapsed: 1.59 s - in org.apache.commons.io.input.[1mBufferedFileChannelInputStreamTest[m
[[1;34mINFO[m] Running org.apache.commons.io.input.[1mBoundedInputStreamTest[m
[[1;34mINFO[m] [1;32mTests run: [0;1;32m2[m, Failures: 0, Errors: 0, Skipped: 0, Time elapsed: 0.08 s - in org.apache.commons.io.input.[1mBoundedInputStreamTest[m
[[1;34mINFO[m] Running org.apache.commons.io.input.[1mTeeInputStreamTest[m
[[1;34mINFO[m] [1;32mTests run: [0;1;32m9[m, Failures: 0, Errors: 0, Skipped: 0, Time elapsed: 0.499 s - in org.apache.commons.io.input.[1mTeeInputStreamTest[m
[[1;34mINFO[m] Running org.apache.commons.io.input.[1mBoundedReaderTest[m
[[1;34mINFO[m] [1;32mTests run: [0;1;32m16[m, Failures: 0, Errors: 0, Skipped: 0, Time elapsed: 0.145 s - in org.apache.commons.io.input.[1mBoundedReaderTest[m
[[1;34mINFO[m] Running org.apache.commons.io.input.[1mAutoCloseInputStreamTest[m
[[1;34mINFO[m] [1;32mTests run: [0;1;32m4[m, Failures: 0, Errors: 0, Skipped: 0, Time elapsed: 0.087 s - in org.apache.commons.io.input.[1mAutoCloseInputStreamTest[m
[[1;34mINFO[m] Running org.apache.commons.io.input.[1mSequenceReaderTest[m
[[1;34mINFO[m] [1;32mTests run: [0;1;32m12[m, Failures: 0, Errors: 0, Skipped: 0, Time elapsed: 0.103 s - in org.apache.commons.io.input.[1mSequenceReaderTest[m
[[1;34mINFO[m] Running org.apache.commons.io.input.[1mSwappedDataInputStreamTest[m
[[1;34mINFO[m] [1;32mTests run: [0;1;32m14[m, Failures: 0, Errors: 0, Skipped: 0, Time elapsed: 0.109 s - in org.apache.commons.io.input.[1mSwappedDataInputStreamTest[m
[[1;34mINFO[m] Running org.apache.commons.io.input.[1mBrokenReaderTest[m
[[1;34mINFO[m] [1;32mTests run: [0;1;32m6[m, Failures: 0, Errors: 0, Skipped: 0, Time elapsed: 0.087 s - in org.apache.commons.io.input.[1mBrokenReaderTest[m
[[1;34mINFO[m] Running org.apache.commons.io.input.[1mTeeReaderTest[m
[[1;34mINFO[m] [1;32mTests run: [0;1;32m10[m, Failures: 0, Errors: 0, Skipped: 0, Time elapsed: 0.491 s - in org.apache.commons.io.input.[1mTeeReaderTest[m
[[1;34mINFO[m] Running org.apache.commons.io.input.[1mReadAheadInputStreamTest[m
[[1;34mINFO[m] [1;32mTests run: [0;1;32m8[m, Failures: 0, Errors: 0, Skipped: 0, Time elapsed: 3.219 s - in org.apache.commons.io.input.[1mReadAheadInputStreamTest[m
[[1;34mINFO[m] Running org.apache.commons.io.input.[1mBOMInputStreamTest[m
[[1;33mWARNING[m] [1;33mTests [0;1mrun: [0;1m44[m, Failures: 0, Errors: 0, [1;33mSkipped: [0;1;33m1[m, Time elapsed: 0.232 s - in org.apache.commons.io.input.[1mBOMInputStreamTest[m
[[1;34mINFO[m] Running org.apache.commons.io.input.[1mTailerTest[m
[[1;34mINFO[m] [1;32mTests run: [0;1;32m10[m, Failures: 0, Errors: 0, Skipped: 0, Time elapsed: 10.363 s - in org.apache.commons.io.input.[1mTailerTest[m
[[1;34mINFO[m] Running org.apache.commons.io.input.[1mCharSequenceReaderTest[m
[[1;34mINFO[m] [1;32mTests run: [0;1;32m11[m, Failures: 0, Errors: 0, Skipped: 0, Time elapsed: 0.099 s - in org.apache.commons.io.input.[1mCharSequenceReaderTest[m
[[1;34mINFO[m] Running org.apache.commons.io.input.[1mNullReaderTest[m
[[1;34mINFO[m] [1;32mTests run: [0;1;32m6[m, Failures: 0, Errors: 0, Skipped: 0, Time elapsed: 0.084 s - in org.apache.commons.io.input.[1mNullReaderTest[m
[[1;34mINFO[m] Running org.apache.commons.io.input.[1mCountingInputStreamTest[m
[[1;34mINFO[m] [1;32mTests run: [0;1;32m10[m, Failures: 0, Errors: 0, Skipped: 0, Time elapsed: 0.249 s - in org.apache.commons.io.input.[1mCountingInputStreamTest[m
[[1;34mINFO[m] Running org.apache.commons.io.input.[1mNullInputStreamTest[m
[[1;34mINFO[m] [1;32mTests run: [0;1;32m6[m, Failures: 0, Errors: 0, Skipped: 0, Time elapsed: 0.088 s - in org.apache.commons.io.input.[1mNullInputStreamTest[m
[[1;34mINFO[m] Running org.apache.commons.io.input.[1mCharacterFilterReaderTest[m
[[1;34mINFO[m] [1;32mTests run: [0;1;32m7[m, Failures: 0, Errors: 0, Skipped: 0, Time elapsed: 0.098 s - in org.apache.commons.io.input.[1mCharacterFilterReaderTest[m
[[1;34mINFO[m] Running org.apache.commons.io.input.compatibility.[1mXmlStreamReaderUtilitiesCompatibilityTest[m
[[1;34mINFO[m] [1;32mTests run: [0;1;32m11[m, Failures: 0, Errors: 0, Skipped: 0, Time elapsed: 0.114 s - in org.apache.commons.io.input.compatibility.[1mXmlStreamReaderUtilitiesCompatibilityTest[m
[[1;34mINFO[m] Running org.apache.commons.io.input.[1mCircularInputStreamTest[m
[[1;34mINFO[m] [1;32mTests run: [0;1;32m8[m, Failures: 0, Errors: 0, Skipped: 0, Time elapsed: 0.091 s - in org.apache.commons.io.input.[1mCircularInputStreamTest[m
[[1;34mINFO[m] Running org.apache.commons.io.input.[1mReaderInputStreamTest[m
[[1;34mINFO[m] [1;32mTests run: [0;1;32m8[m, Failures: 0, Errors: 0, Skipped: 0, Time elapsed: 0.096 s - in org.apache.commons.io.input.[1mReaderInputStreamTest[m
[[1;34mINFO[m] Running org.apache.commons.io.input.[1mReversedLinesFileReaderTestParamBlockSize[m
[[1;34mINFO[m] [1;32mTests run: [0;1;32m81[m, Failures: 0, Errors: 0, Skipped: 0, Time elapsed: 0.576 s - in org.apache.commons.io.input.[1mReversedLinesFileReaderTestParamBlockSize[m
[[1;34mINFO[m] Running org.apache.commons.io.input.[1mUnsynchronizedByteArrayInputStreamTest[m
[[1;34mINFO[m] [1;32mTests run: [0;1;32m16[m, Failures: 0, Errors: 0, Skipped: 0, Time elapsed: 0.099 s - in org.apache.commons.io.input.[1mUnsynchronizedByteArrayInputStreamTest[m
[[1;34mINFO[m] Running org.apache.commons.io.input.[1mCloseShieldInputStreamTest[m
[[1;34mINFO[m] [1;32mTests run: [0;1;32m1[m, Failures: 0, Errors: 0, Skipped: 0, Time elapsed: 0.059 s - in org.apache.commons.io.input.[1mCloseShieldInputStreamTest[m
[[1;34mINFO[m] Running org.apache.commons.io.input.[1mReversedLinesFileReaderTestSimple[m
[[1;34mINFO[m] [1;32mTests run: [0;1;32m5[m, Failures: 0, Errors: 0, Skipped: 0, Time elapsed: 0.126 s - in org.apache.commons.io.input.[1mReversedLinesFileReaderTestSimple[m
[[1;34mINFO[m] Running org.apache.commons.io.input.[1mClassLoaderObjectInputStreamTest[m
[[1;34mINFO[m] [1;32mTests run: [0;1;32m7[m, Failures: 0, Errors: 0, Skipped: 0, Time elapsed: 0.106 s - in org.apache.commons.io.input.[1mClassLoaderObjectInputStreamTest[m
[[1;34mINFO[m] Running org.apache.commons.io.input.[1mMarkShieldInputStreamTest[m
[[1;34mINFO[m] [1;32mTests run: [0;1;32m6[m, Failures: 0, Errors: 0, Skipped: 0, Time elapsed: 0.101 s - in org.apache.commons.io.input.[1mMarkShieldInputStreamTest[m
[[1;34mINFO[m] Running org.apache.commons.io.input.buffer.[1mCircularBufferInputStreamTest[m
[[1;34mINFO[m] [1;32mTests run: [0;1;32m2[m, Failures: 0, Errors: 0, Skipped: 0, Time elapsed: 0.074 s - in org.apache.commons.io.input.buffer.[1mCircularBufferInputStreamTest[m
[[1;34mINFO[m] Running org.apache.commons.io.input.[1mTaggedInputStreamTest[m
[[1;34mINFO[m] [1;32mTests run: [0;1;32m4[m, Failures: 0, Errors: 0, Skipped: 0, Time elapsed: 0.091 s - in org.apache.commons.io.input.[1mTaggedInputStreamTest[m
[[1;34mINFO[m] Running org.apache.commons.io.input.[1mProxyReaderTest[m
[[1;34mINFO[m] [1;32mTests run: [0;1;32m2[m, Failures: 0, Errors: 0, Skipped: 0, Time elapsed: 0.063 s - in org.apache.commons.io.input.[1mProxyReaderTest[m
[[1;34mINFO[m] Running org.apache.commons.io.input.[1mBrokenInputStreamTest[m
[[1;34mINFO[m] [1;32mTests run: [0;1;32m5[m, Failures: 0, Errors: 0, Skipped: 0, Time elapsed: 0.088 s - in org.apache.commons.io.input.[1mBrokenInputStreamTest[m
[[1;34mINFO[m] Running org.apache.commons.io.input.[1mClosedInputStreamTest[m
[[1;34mINFO[m] [1;32mTests run: [0;1;32m1[m, Failures: 0, Errors: 0, Skipped: 0, Time elapsed: 0.058 s - in org.apache.commons.io.input.[1mClosedInputStreamTest[m
[[1;34mINFO[m] Running org.apache.commons.io.input.[1mObservableInputStreamTest[m
[[1;34mINFO[m] [1;32mTests run: [0;1;32m2[m, Failures: 0, Errors: 0, Skipped: 0, Time elapsed: 0.109 s - in org.apache.commons.io.input.[1mObservableInputStreamTest[m
[[1;34mINFO[m] Running org.apache.commons.io.input.[1mMessageDigestCalculatingInputStreamTest[m
[[1;34mINFO[m] [1;32mTests run: [0;1;32m1[m, Failures: 0, Errors: 0, Skipped: 0, Time elapsed: 0.086 s - in org.apache.commons.io.input.[1mMessageDigestCalculatingInputStreamTest[m
[[1;34mINFO[m] Running org.apache.commons.io.input.[1mUnixLineEndingInputStreamTest[m
[[1;34mINFO[m] [1;32mTests run: [0;1;32m8[m, Failures: 0, Errors: 0, Skipped: 0, Time elapsed: 0.095 s - in org.apache.commons.io.input.[1mUnixLineEndingInputStreamTest[m
[[1;34mINFO[m] Running org.apache.commons.io.input.[1mXmlStreamReaderUtilitiesTest[m
[[1;34mINFO[m] [1;32mTests run: [0;1;32m11[m, Failures: 0, Errors: 0, Skipped: 0, Time elapsed: 0.115 s - in org.apache.commons.io.input.[1mXmlStreamReaderUtilitiesTest[m
[[1;34mINFO[m] Running org.apache.commons.io.input.[1mTaggedReaderTest[m
[[1;34mINFO[m] [1;32mTests run: [0;1;32m4[m, Failures: 0, Errors: 0, Skipped: 0, Time elapsed: 0.09 s - in org.apache.commons.io.input.[1mTaggedReaderTest[m
[[1;34mINFO[m] Running org.apache.commons.io.input.[1mReversedLinesFileReaderTestParamFile[m
[[1;34mINFO[m] [1;32mTests run: [0;1;32m9[m, Failures: 0, Errors: 0, Skipped: 0, Time elapsed: 0.24 s - in org.apache.commons.io.input.[1mReversedLinesFileReaderTestParamFile[m
[[1;34mINFO[m] Running org.apache.commons.io.[1mFileUtilsDirectoryContainsTestCase[m
[[1;34mINFO[m] [1;32mTests run: [0;1;32m11[m, Failures: 0, Errors: 0, Skipped: 0, Time elapsed: 0.128 s - in org.apache.commons.io.[1mFileUtilsDirectoryContainsTestCase[m
[[1;34mINFO[m] Running org.apache.commons.io.output.[1mThresholdingOutputStreamTest[m
[[1;34mINFO[m] [1;32mTests run: [0;1;32m1[m, Failures: 0, Errors: 0, Skipped: 0, Time elapsed: 0.06 s - in org.apache.commons.io.output.[1mThresholdingOutputStreamTest[m
[[1;34mINFO[m] Running org.apache.commons.io.output.[1mNullAppendableTest[m
[[1;34mINFO[m] [1;32mTests run: [0;1;32m1[m, Failures: 0, Errors: 0, Skipped: 0, Time elapsed: 0.06 s - in org.apache.commons.io.output.[1mNullAppendableTest[m
[[1;34mINFO[m] Running org.apache.commons.io.output.[1mAppendableWriterTest[m
[[1;34mINFO[m] [1;32mTests run: [0;1;32m6[m, Failures: 0, Errors: 0, Skipped: 0, Time elapsed: 0.092 s - in org.apache.commons.io.output.[1mAppendableWriterTest[m
[[1;34mINFO[m] Running org.apache.commons.io.output.[1mCloseShieldWriterTest[m
[[1;31mERROR[m] WARNING: An illegal reflective access operation has occurred
[[1;31mERROR[m] WARNING: Illegal reflective access by org.mockito.internal.util.reflection.ReflectionMemberAccessor (file:/home/spino/.m2/repository/org/mockito/mockito-core/3.6.0/mockito-core-3.6.0.jar) to field java.io.Writer.writeBuffer
[[1;31mERROR[m] WARNING: Please consider reporting this to the maintainers of org.mockito.internal.util.reflection.ReflectionMemberAccessor
[[1;31mERROR[m] WARNING: Use --illegal-access=warn to enable warnings of further illegal reflective access operations
[[1;31mERROR[m] WARNING: All illegal access operations will be denied in a future release
[[1;34mINFO[m] [1;32mTests run: [0;1;32m1[m, Failures: 0, Errors: 0, Skipped: 0, Time elapsed: 0.424 s - in org.apache.commons.io.output.[1mCloseShieldWriterTest[m
[[1;34mINFO[m] Running org.apache.commons.io.output.[1mWriterOutputStreamTest[m
[[1;34mINFO[m] [1;32mTests run: [0;1;32m12[m, Failures: 0, Errors: 0, Skipped: 0, Time elapsed: 0.107 s - in org.apache.commons.io.output.[1mWriterOutputStreamTest[m
[[1;34mINFO[m] Running org.apache.commons.io.output.[1mClosedOutputStreamTest[m
[[1;34mINFO[m] [1;32mTests run: [0;1;32m2[m, Failures: 0, Errors: 0, Skipped: 0, Time elapsed: 0.066 s - in org.apache.commons.io.output.[1mClosedOutputStreamTest[m
[[1;34mINFO[m] Running org.apache.commons.io.output.[1mProxyCollectionWriterTest[m
[[1;34mINFO[m] [1;32mTests run: [0;1;32m23[m, Failures: 0, Errors: 0, Skipped: 0, Time elapsed: 0.502 s - in org.apache.commons.io.output.[1mProxyCollectionWriterTest[m
[[1;34mINFO[m] Running org.apache.commons.io.output.[1mClosedWriterTest[m
[[1;34mINFO[m] [1;32mTests run: [0;1;32m2[m, Failures: 0, Errors: 0, Skipped: 0, Time elapsed: 0.056 s - in org.apache.commons.io.output.[1mClosedWriterTest[m
[[1;34mINFO[m] Running org.apache.commons.io.output.[1mTeeWriterTest[m
[[1;34mINFO[m] [1;32mTests run: [0;1;32m23[m, Failures: 0, Errors: 0, Skipped: 0, Time elapsed: 0.474 s - in org.apache.commons.io.output.[1mTeeWriterTest[m
[[1;34mINFO[m] Running org.apache.commons.io.output.[1mByteArrayOutputStreamTestCase[m
[[1;34mINFO[m] [1;32mTests run: [0;1;32m30[m, Failures: 0, Errors: 0, Skipped: 0, Time elapsed: 0.222 s - in org.apache.commons.io.output.[1mByteArrayOutputStreamTestCase[m
[[1;34mINFO[m] Running org.apache.commons.io.output.[1mChunkedOutputStreamTest[m
[[1;34mINFO[m] [1;32mTests run: [0;1;32m3[m, Failures: 0, Errors: 0, Skipped: 0, Time elapsed: 0.075 s - in org.apache.commons.io.output.[1mChunkedOutputStreamTest[m
[[1;34mINFO[m] Running org.apache.commons.io.output.[1mAppendableOutputStreamTest[m
[[1;34mINFO[m] [1;32mTests run: [0;1;32m2[m, Failures: 0, Errors: 0, Skipped: 0, Time elapsed: 0.062 s - in org.apache.commons.io.output.[1mAppendableOutputStreamTest[m
[[1;34mINFO[m] Running org.apache.commons.io.output.[1mCountingOutputStreamTest[m
[[1;34mINFO[m] [1;32mTests run: [0;1;32m2[m, Failures: 0, Errors: 0, Skipped: 0, Time elapsed: 0.216 s - in org.apache.commons.io.output.[1mCountingOutputStreamTest[m
[[1;34mINFO[m] Running org.apache.commons.io.output.[1mNullPrintStreamTest[m
[[1;34mINFO[m] [1;32mTests run: [0;1;32m2[m, Failures: 0, Errors: 0, Skipped: 0, Time elapsed: 0.065 s - in org.apache.commons.io.output.[1mNullPrintStreamTest[m
[[1;34mINFO[m] Running org.apache.commons.io.output.[1mCloseShieldOutputStreamTest[m
[[1;34mINFO[m] [1;32mTests run: [0;1;32m1[m, Failures: 0, Errors: 0, Skipped: 0, Time elapsed: 0.062 s - in org.apache.commons.io.output.[1mCloseShieldOutputStreamTest[m
[[1;34mINFO[m] Running org.apache.commons.io.output.[1mFileWriterWithEncodingTest[m
[[1;34mINFO[m] [1;32mTests run: [0;1;32m12[m, Failures: 0, Errors: 0, Skipped: 0, Time elapsed: 0.145 s - in org.apache.commons.io.output.[1mFileWriterWithEncodingTest[m
[[1;34mINFO[m] Running org.apache.commons.io.output.[1mLockableFileWriterTest[m
[[1;34mINFO[m] [1;32mTests run: [0;1;32m7[m, Failures: 0, Errors: 0, Skipped: 0, Time elapsed: 0.114 s - in org.apache.commons.io.output.[1mLockableFileWriterTest[m
[[1;34mINFO[m] Running org.apache.commons.io.output.[1mTaggedOutputStreamTest[m
[[1;34mINFO[m] [1;32mTests run: [0;1;32m3[m, Failures: 0, Errors: 0, Skipped: 0, Time elapsed: 0.1 s - in org.apache.commons.io.output.[1mTaggedOutputStreamTest[m
[[1;34mINFO[m] Running org.apache.commons.io.output.[1mChunkedWriterTest[m
[[1;34mINFO[m] [1;32mTests run: [0;1;32m3[m, Failures: 0, Errors: 0, Skipped: 0, Time elapsed: 0.077 s - in org.apache.commons.io.output.[1mChunkedWriterTest[m
[[1;34mINFO[m] Running org.apache.commons.io.output.[1mDeferredFileOutputStreamTest[m
[[1;34mINFO[m] [1;32mTests run: [0;1;32m118[m, Failures: 0, Errors: 0, Skipped: 0, Time elapsed: 0.354 s - in org.apache.commons.io.output.[1mDeferredFileOutputStreamTest[m
[[1;34mINFO[m] Running org.apache.commons.io.output.[1mNullOutputStreamTest[m
[[1;34mINFO[m] [1;32mTests run: [0;1;32m2[m, Failures: 0, Errors: 0, Skipped: 0, Time elapsed: 0.056 s - in org.apache.commons.io.output.[1mNullOutputStreamTest[m
[[1;34mINFO[m] Running org.apache.commons.io.output.[1mBrokenWriterTest[m
[[1;34mINFO[m] [1;32mTests run: [0;1;32m3[m, Failures: 0, Errors: 0, Skipped: 0, Time elapsed: 0.08 s - in org.apache.commons.io.output.[1mBrokenWriterTest[m
[[1;34mINFO[m] Running org.apache.commons.io.output.[1mXmlStreamWriterTest[m
[[1;34mINFO[m] [1;32mTests run: [0;1;32m13[m, Failures: 0, Errors: 0, Skipped: 0, Time elapsed: 0.14 s - in org.apache.commons.io.output.[1mXmlStreamWriterTest[m
[[1;34mINFO[m] Running org.apache.commons.io.output.[1mTaggedWriterTest[m
[[1;34mINFO[m] [1;32mTests run: [0;1;32m3[m, Failures: 0, Errors: 0, Skipped: 0, Time elapsed: 0.095 s - in org.apache.commons.io.output.[1mTaggedWriterTest[m
[[1;34mINFO[m] Running org.apache.commons.io.output.[1mStringBuilderWriterTest[m
[[1;34mINFO[m] [1;32mTests run: [0;1;32m12[m, Failures: 0, Errors: 0, Skipped: 0, Time elapsed: 0.105 s - in org.apache.commons.io.output.[1mStringBuilderWriterTest[m
[[1;34mINFO[m] Running org.apache.commons.io.output.[1mNullWriterTest[m
[[1;34mINFO[m] [1;32mTests run: [0;1;32m1[m, Failures: 0, Errors: 0, Skipped: 0, Time elapsed: 0.056 s - in org.apache.commons.io.output.[1mNullWriterTest[m
[[1;34mINFO[m] Running org.apache.commons.io.output.[1mBrokenOutputStreamTest[m
[[1;34mINFO[m] [1;32mTests run: [0;1;32m3[m, Failures: 0, Errors: 0, Skipped: 0, Time elapsed: 0.085 s - in org.apache.commons.io.output.[1mBrokenOutputStreamTest[m
[[1;34mINFO[m] Running org.apache.commons.io.output.[1mProxyWriterTest[m
[[1;34mINFO[m] [1;32mTests run: [0;1;32m21[m, Failures: 0, Errors: 0, Skipped: 0, Time elapsed: 0.115 s - in org.apache.commons.io.output.[1mProxyWriterTest[m
[[1;34mINFO[m] Running org.apache.commons.io.output.[1mProxyOutputStreamTest[m
[[1;34mINFO[m] [1;32mTests run: [0;1;32m2[m, Failures: 0, Errors: 0, Skipped: 0, Time elapsed: 0.08 s - in org.apache.commons.io.output.[1mProxyOutputStreamTest[m
[[1;34mINFO[m] Running org.apache.commons.io.output.[1mTeeOutputStreamTest[m
[[1;34mINFO[m] [1;32mTests run: [0;1;32m3[m, Failures: 0, Errors: 0, Skipped: 0, Time elapsed: 0.434 s - in org.apache.commons.io.output.[1mTeeOutputStreamTest[m
[[1;34mINFO[m] Running org.apache.commons.io.[1mFileSystemTestCase[m
[[1;34mINFO[m] [1;32mTests run: [0;1;32m6[m, Failures: 0, Errors: 0, Skipped: 0, Time elapsed: 0.089 s - in org.apache.commons.io.[1mFileSystemTestCase[m
[[1;34mINFO[m] Running org.apache.commons.io.[1mFileUtilsCopyDirectoryToDirectoryTestCase[m
[[1;34mINFO[m] [1;32mTests run: [0;1;32m5[m, Failures: 0, Errors: 0, Skipped: 0, Time elapsed: 0.107 s - in org.apache.commons.io.[1mFileUtilsCopyDirectoryToDirectoryTestCase[m
[[1;34mINFO[m] 
[[1;34mINFO[m] Results:
[[1;34mINFO[m] 
[[1;31mERROR[m] [1;31mErrors: [m
[[1;31mERROR[m] [1;31m  FileUtilsTestCase.testSizeOfDirectory » IO Failed to delete temp directory /tm...[m
[[1;34mINFO[m] 
[[1;31mERROR[m] [1;31mTests run: 1713, Failures: 0, Errors: 1, Skipped: 5[m
[[1;34mINFO[m] 
[[1;34mINFO[m] [1m------------------------------------------------------------------------[m
[[1;34mINFO[m] [1;31mBUILD FAILURE[m
[[1;34mINFO[m] [1m------------------------------------------------------------------------[m
[[1;34mINFO[m] Total time:  02:34 min
[[1;34mINFO[m] Finished at: 2020-12-15T10:56:50+01:00
[[1;34mINFO[m] [1m------------------------------------------------------------------------[m
[[1;31mERROR[m] Failed to execute goal [32morg.apache.maven.plugins:maven-surefire-plugin:3.0.0-M5:test[m [1m(default-test)[m on project [36mcommons-io[m: [1;31mThere are test failures.[m
[[1;31mERROR[m] [1;31m[m
[[1;31mERROR[m] [1;31mPlease refer to /tmp/v1/target/surefire-reports for the individual test results.[m
[[1;31mERROR[m] [1;31mPlease refer to dump files (if any exist) [date].dump, [date]-jvmRun[N].dump and [date].dumpstream.[m
[[1;31mERROR[m] -> [1m[Help 1][m
[[1;31mERROR[m] 
[[1;31mERROR[m] To see the full stack trace of the errors, re-run Maven with the [1m-e[m switch.
[[1;31mERROR[m] Re-run Maven using the [1m-X[m switch to enable full debug logging.
[[1;31mERROR[m] 
[[1;31mERROR[m] For more information about the errors and possible solutions, please read the following articles:
[[1;31mERROR[m] [1m[Help 1][m http://cwiki.apache.org/confluence/display/MAVEN/MojoFailureException
Writing HTML report to '/tmp/v1/target/clover/report'
Done. Processed 13 packages in 5042ms (387ms per package).
[INFO] Saving result in /tmp/v1/testsThatExecuteTheChange.csv ...
[INFO] 
[INFO] Writing Coverage in /tmp/v1/testsThatExecuteTheChange_coverage.csv
[INFO] total;0;0

[INFO] ------------------------------------------------------------------------
[INFO] BUILD SUCCESS
[INFO] ------------------------------------------------------------------------
[INFO] Total time:  02:42 min
[INFO] Finished at: 2020-12-15T10:56:56+01:00
[INFO] ------------------------------------------------------------------------
